<?xml version="1.0" encoding="UTF-8"?>
<!-- Generated by org.testng.reporters.JUnitReportReporter -->
<testsuite hostname="JASMEETKAUR-PC" name="com.iNetBanking.TestClasses.LoginPageTest1" tests="1" failures="0" timestamp="3 Feb 2021 08:59:31 GMT" time="19.405" errors="0">
  <testcase name="LoginTest" time="19.405" classname="com.iNetBanking.TestClasses.LoginPageTest1"/>
</testsuite> <!-- com.iNetBanking.TestClasses.LoginPageTest1 -->
