<?xml version="1.0" encoding="UTF-8"?>
<!-- Generated by org.testng.reporters.JUnitReportReporter -->
<testsuite hostname="JASMEETKAUR-PC" name="com.iNetBanking.TestClasses.AddNewCustomerTest1" tests="1" failures="0" timestamp="3 Feb 2021 11:09:10 GMT" time="19.112" errors="0">
  <testcase name="AddNewCust" time="19.112" classname="com.iNetBanking.TestClasses.AddNewCustomerTest1"/>
</testsuite> <!-- com.iNetBanking.TestClasses.AddNewCustomerTest1 -->
