<?xml version="1.0" encoding="UTF-8"?>
<!-- Generated by org.testng.reporters.JUnitReportReporter -->
<testsuite skipped="0" hostname="JASMEETKAUR-PC" name="com.iNetBanking.TestClasses.AddNewCustomerTest1" tests="1" failures="0" timestamp="03 Feb 2021 11:40:41 GMT" time="34.226" errors="0">
  <testcase name="AddNewCust" time="34.226" classname="com.iNetBanking.TestClasses.AddNewCustomerTest1"/>
</testsuite> <!-- com.iNetBanking.TestClasses.AddNewCustomerTest1 -->
