<?xml version="1.0" encoding="UTF-8"?>
<!-- Generated by org.testng.reporters.JUnitReportReporter -->
<testsuite skipped="0" hostname="JASMEETKAUR-PC" name="com.iNetBanking.TestClasses.LoginPageTest1" tests="1" failures="0" timestamp="03 Feb 2021 11:40:41 GMT" time="33.885" errors="0">
  <testcase name="LoginTest" time="33.885" classname="com.iNetBanking.TestClasses.LoginPageTest1"/>
</testsuite> <!-- com.iNetBanking.TestClasses.LoginPageTest1 -->
